Started GET "/" for ::1 at 2023-04-08 16:11:02 +0900
  [1m[35m (2.3ms)[0m  [1m[34mSELECT sqlite_version(*)[0m
Processing by Rails::WelcomeController#index as HTML
  Rendering /Users/yi.i_41/.rbenv/versions/3.0.5/lib/ruby/gems/3.0.0/gems/railties-6.1.7.3/lib/rails/templates/rails/welcome/index.html.erb
  Rendered /Users/yi.i_41/.rbenv/versions/3.0.5/lib/ruby/gems/3.0.0/gems/railties-6.1.7.3/lib/rails/templates/rails/welcome/index.html.erb (Duration: 8.1ms | Allocations: 614)
Completed 200 OK in 25ms (Views: 12.6ms | ActiveRecord: 0.0ms | Allocations: 4867)


Started GET "/" for ::1 at 2023-04-08 16:11:56 +0900
  [1m[35m (0.7ms)[0m  [1m[34mSELECT sqlite_version(*)[0m
Processing by Rails::WelcomeController#index as HTML
  Rendering /Users/yi.i_41/.rbenv/versions/3.0.5/lib/ruby/gems/3.0.0/gems/railties-6.1.7.3/lib/rails/templates/rails/welcome/index.html.erb
  Rendered /Users/yi.i_41/.rbenv/versions/3.0.5/lib/ruby/gems/3.0.0/gems/railties-6.1.7.3/lib/rails/templates/rails/welcome/index.html.erb (Duration: 7.2ms | Allocations: 506)
Completed 200 OK in 20ms (Views: 9.3ms | ActiveRecord: 0.0ms | Allocations: 3705)


Started GET "/" for ::1 at 2023-04-08 17:24:29 +0900
  [1m[35m (1.1ms)[0m  [1m[34mSELECT sqlite_version(*)[0m
Processing by Rails::WelcomeController#index as HTML
  Rendering /Users/yi.i_41/.rbenv/versions/3.0.5/lib/ruby/gems/3.0.0/gems/railties-6.1.7.3/lib/rails/templates/rails/welcome/index.html.erb
  Rendered /Users/yi.i_41/.rbenv/versions/3.0.5/lib/ruby/gems/3.0.0/gems/railties-6.1.7.3/lib/rails/templates/rails/welcome/index.html.erb (Duration: 7.2ms | Allocations: 506)
Completed 200 OK in 20ms (Views: 9.5ms | ActiveRecord: 0.0ms | Allocations: 3724)


Started GET "/index" for ::1 at 2023-04-08 17:24:41 +0900
  
ActionController::RoutingError (No route matches [GET] "/index"):
  
Started GET "/" for ::1 at 2023-04-08 17:26:36 +0900
  [1m[35m (0.8ms)[0m  [1m[34mSELECT sqlite_version(*)[0m
Processing by Rails::WelcomeController#index as HTML
  Rendering /Users/yi.i_41/.rbenv/versions/3.0.5/lib/ruby/gems/3.0.0/gems/railties-6.1.7.3/lib/rails/templates/rails/welcome/index.html.erb
  Rendered /Users/yi.i_41/.rbenv/versions/3.0.5/lib/ruby/gems/3.0.0/gems/railties-6.1.7.3/lib/rails/templates/rails/welcome/index.html.erb (Duration: 7.7ms | Allocations: 506)
Completed 200 OK in 21ms (Views: 10.3ms | ActiveRecord: 0.0ms | Allocations: 3725)


Started GET "/" for ::1 at 2023-04-08 17:28:00 +0900
  [1m[35m (0.7ms)[0m  [1m[34mSELECT sqlite_version(*)[0m
Processing by GamesController#index as HTML
  Rendering layout layouts/application.html.erb
  Rendering games/index.html.erb within layouts/application
  Rendered games/index.html.erb within layouts/application (Duration: 0.8ms | Allocations: 371)
[Webpacker] Compiling...
[Webpacker] Compiled all packs in /Users/yi.i_41/Desktop/prompt-guessing-game/Team_KaishinoIchigeki/public/packs
[Webpacker] Hash: 804a8059a304061a3e74
Version: webpack 4.46.0
Time: 2334ms
Built at: 2023/04/08 17:28:05
                                     Asset       Size       Chunks                         Chunk Names
    js/application-271cf8931bb708d2d8bb.js    121 KiB  application  [emitted] [immutable]  application
js/application-271cf8931bb708d2d8bb.js.map    133 KiB  application  [emitted] [dev]        application
                             manifest.json  364 bytes               [emitted]              
Entrypoint application = js/application-271cf8931bb708d2d8bb.js js/application-271cf8931bb708d2d8bb.js.map
[./app/javascript/channels sync recursive _channel\.js$] ./app/javascript/channels sync _channel\.js$ 160 bytes {application} [built]
[./app/javascript/channels/index.js] 211 bytes {application} [built]
[./app/javascript/packs/application.js] 493 bytes {application} [built]
    + 3 hidden modules

  Rendered layout layouts/application.html.erb (Duration: 5138.2ms | Allocations: 18324)
Completed 200 OK in 5150ms (Views: 5141.4ms | ActiveRecord: 0.0ms | Allocations: 21970)


Started GET "/" for ::1 at 2023-04-08 17:30:52 +0900
Processing by GamesController#index as HTML
  Rendering layout layouts/application.html.erb
  Rendering games/index.html.erb within layouts/application
  Rendered games/index.html.erb within layouts/application (Duration: 0.1ms | Allocations: 43)
[Webpacker] Everything's up-to-date. Nothing to do
  Rendered layout layouts/application.html.erb (Duration: 12.3ms | Allocations: 3705)
Completed 200 OK in 14ms (Views: 13.0ms | ActiveRecord: 0.0ms | Allocations: 4290)


Started GET "/" for ::1 at 2023-04-09 14:02:44 +0900
  [1m[35m (1.0ms)[0m  [1m[34mSELECT sqlite_version(*)[0m
Processing by GamesController#index as HTML
  Rendering layout layouts/application.html.erb
  Rendering games/index.html.erb within layouts/application
  Rendered games/index.html.erb within layouts/application (Duration: 0.8ms | Allocations: 371)
[Webpacker] Everything's up-to-date. Nothing to do
  Rendered layout layouts/application.html.erb (Duration: 43.5ms | Allocations: 15116)
Completed 200 OK in 55ms (Views: 46.1ms | ActiveRecord: 0.0ms | Allocations: 18890)


Started GET "/" for ::1 at 2023-04-09 14:05:00 +0900
  [1m[35m (0.7ms)[0m  [1m[34mSELECT sqlite_version(*)[0m
Processing by GamesController#top as HTML
  Rendering layout layouts/application.html.erb
  Rendering games/top.html.erb within layouts/application
  Rendered games/top.html.erb within layouts/application (Duration: 0.7ms | Allocations: 371)
[Webpacker] Everything's up-to-date. Nothing to do
  Rendered layout layouts/application.html.erb (Duration: 19.2ms | Allocations: 9100)
Completed 200 OK in 31ms (Views: 21.9ms | ActiveRecord: 0.0ms | Allocations: 12874)


Started GET "/" for ::1 at 2023-04-09 14:05:01 +0900
Processing by GamesController#top as HTML
  Rendering layout layouts/application.html.erb
  Rendering games/top.html.erb within layouts/application
  Rendered games/top.html.erb within layouts/application (Duration: 0.2ms | Allocations: 43)
[Webpacker] Everything's up-to-date. Nothing to do
  Rendered layout layouts/application.html.erb (Duration: 13.6ms | Allocations: 3728)
Completed 200 OK in 16ms (Views: 15.0ms | ActiveRecord: 0.0ms | Allocations: 4292)


Started GET "/" for ::1 at 2023-04-09 14:05:11 +0900
Processing by GamesController#top as HTML
  Rendering layout layouts/application.html.erb
  Rendering games/top.html.erb within layouts/application
  Rendered games/top.html.erb within layouts/application (Duration: 0.6ms | Allocations: 287)
[Webpacker] Everything's up-to-date. Nothing to do
  Rendered layout layouts/application.html.erb (Duration: 7.0ms | Allocations: 4215)
Completed 200 OK in 10ms (Views: 8.7ms | ActiveRecord: 0.0ms | Allocations: 5612)


Started GET "/games/play" for ::1 at 2023-04-09 14:05:12 +0900
Processing by GamesController#play as HTML
  Rendering layout layouts/application.html.erb
  Rendering games/play.html.erb within layouts/application
  Rendered games/play.html.erb within layouts/application (Duration: 0.7ms | Allocations: 120)
[Webpacker] Everything's up-to-date. Nothing to do
  Rendered layout layouts/application.html.erb (Duration: 15.1ms | Allocations: 3769)
Completed 200 OK in 19ms (Views: 16.0ms | ActiveRecord: 0.0ms | Allocations: 4890)


Started GET "/games/play" for ::1 at 2023-04-09 14:05:26 +0900
Processing by GamesController#play as HTML
  Rendering layout layouts/application.html.erb
  Rendering games/play.html.erb within layouts/application
  Rendered games/play.html.erb within layouts/application (Duration: 0.7ms | Allocations: 251)
[Webpacker] Everything's up-to-date. Nothing to do
  Rendered layout layouts/application.html.erb (Duration: 10.6ms | Allocations: 4178)
Completed 200 OK in 15ms (Views: 13.1ms | ActiveRecord: 0.0ms | Allocations: 5534)


Started GET "/games/play" for ::1 at 2023-04-09 14:05:44 +0900
Processing by GamesController#play as HTML
  Rendering layout layouts/application.html.erb
  Rendering games/play.html.erb within layouts/application
  Rendered games/play.html.erb within layouts/application (Duration: 0.8ms | Allocations: 251)
[Webpacker] Everything's up-to-date. Nothing to do
  Rendered layout layouts/application.html.erb (Duration: 9.6ms | Allocations: 4178)
Completed 200 OK in 14ms (Views: 12.5ms | ActiveRecord: 0.0ms | Allocations: 5582)


Started GET "/games/result" for ::1 at 2023-04-09 14:05:46 +0900
Processing by GamesController#result as HTML
  Rendering layout layouts/application.html.erb
  Rendering games/result.html.erb within layouts/application
  Rendered games/result.html.erb within layouts/application (Duration: 1.0ms | Allocations: 187)
[Webpacker] Everything's up-to-date. Nothing to do
  Rendered layout layouts/application.html.erb (Duration: 14.8ms | Allocations: 3836)
Completed 200 OK in 19ms (Views: 16.1ms | ActiveRecord: 0.0ms | Allocations: 4948)


Started GET "/games/top" for ::1 at 2023-04-09 14:05:47 +0900
Processing by GamesController#top as HTML
  Rendering layout layouts/application.html.erb
  Rendering games/top.html.erb within layouts/application
  Rendered games/top.html.erb within layouts/application (Duration: 0.8ms | Allocations: 163)
[Webpacker] Everything's up-to-date. Nothing to do
  Rendered layout layouts/application.html.erb (Duration: 27.3ms | Allocations: 3797)
Completed 200 OK in 29ms (Views: 27.9ms | ActiveRecord: 0.0ms | Allocations: 4382)


Started GET "/games/play" for ::1 at 2023-04-09 14:05:47 +0900
Processing by GamesController#play as HTML
  Rendering layout layouts/application.html.erb
  Rendering games/play.html.erb within layouts/application
  Rendered games/play.html.erb within layouts/application (Duration: 0.5ms | Allocations: 80)
[Webpacker] Everything's up-to-date. Nothing to do
  Rendered layout layouts/application.html.erb (Duration: 18.0ms | Allocations: 4174)
Completed 200 OK in 21ms (Views: 19.1ms | ActiveRecord: 0.0ms | Allocations: 4660)


Started GET "/games/result" for ::1 at 2023-04-09 14:05:48 +0900
Processing by GamesController#result as HTML
  Rendering layout layouts/application.html.erb
  Rendering games/result.html.erb within layouts/application
  Rendered games/result.html.erb within layouts/application (Duration: 0.5ms | Allocations: 80)
[Webpacker] Everything's up-to-date. Nothing to do
  Rendered layout layouts/application.html.erb (Duration: 20.2ms | Allocations: 4095)
Completed 200 OK in 22ms (Views: 21.3ms | ActiveRecord: 0.0ms | Allocations: 4551)


Started GET "/games/top" for ::1 at 2023-04-09 14:05:54 +0900
Processing by GamesController#top as HTML
  Rendering layout layouts/application.html.erb
  Rendering games/top.html.erb within layouts/application
  Rendered games/top.html.erb within layouts/application (Duration: 0.4ms | Allocations: 80)
[Webpacker] Everything's up-to-date. Nothing to do
  Rendered layout layouts/application.html.erb (Duration: 15.3ms | Allocations: 4226)
Completed 200 OK in 17ms (Views: 16.3ms | ActiveRecord: 0.0ms | Allocations: 4681)


Started GET "/games/play" for ::1 at 2023-04-09 14:05:54 +0900
Processing by GamesController#play as HTML
  Rendering layout layouts/application.html.erb
  Rendering games/play.html.erb within layouts/application
  Rendered games/play.html.erb within layouts/application (Duration: 1.9ms | Allocations: 143)
[Webpacker] Everything's up-to-date. Nothing to do
  Rendered layout layouts/application.html.erb (Duration: 16.9ms | Allocations: 3767)
Completed 200 OK in 21ms (Views: 19.1ms | ActiveRecord: 0.0ms | Allocations: 4668)


Started GET "/games/result" for ::1 at 2023-04-09 14:05:55 +0900
Processing by GamesController#result as HTML
  Rendering layout layouts/application.html.erb
  Rendering games/result.html.erb within layouts/application
  Rendered games/result.html.erb within layouts/application (Duration: 0.4ms | Allocations: 80)
[Webpacker] Everything's up-to-date. Nothing to do
  Rendered layout layouts/application.html.erb (Duration: 15.6ms | Allocations: 4203)
Completed 200 OK in 18ms (Views: 16.7ms | ActiveRecord: 0.0ms | Allocations: 4658)


Started GET "/games/top" for ::1 at 2023-04-09 14:05:55 +0900
Processing by GamesController#top as HTML
  Rendering layout layouts/application.html.erb
  Rendering games/top.html.erb within layouts/application
  Rendered games/top.html.erb within layouts/application (Duration: 0.3ms | Allocations: 80)
[Webpacker] Everything's up-to-date. Nothing to do
  Rendered layout layouts/application.html.erb (Duration: 16.4ms | Allocations: 4175)
Completed 200 OK in 19ms (Views: 17.6ms | ActiveRecord: 0.0ms | Allocations: 4661)


Started GET "/games/play" for ::1 at 2023-04-09 14:05:56 +0900
Processing by GamesController#play as HTML
  Rendering layout layouts/application.html.erb
  Rendering games/play.html.erb within layouts/application
  Rendered games/play.html.erb within layouts/application (Duration: 0.6ms | Allocations: 80)
[Webpacker] Everything's up-to-date. Nothing to do
  Rendered layout layouts/application.html.erb (Duration: 16.8ms | Allocations: 4197)
Completed 200 OK in 20ms (Views: 18.4ms | ActiveRecord: 0.0ms | Allocations: 4652)


Started GET "/games/result" for ::1 at 2023-04-09 14:05:56 +0900
Processing by GamesController#result as HTML
  Rendering layout layouts/application.html.erb
  Rendering games/result.html.erb within layouts/application
  Rendered games/result.html.erb within layouts/application (Duration: 0.4ms | Allocations: 80)
[Webpacker] Everything's up-to-date. Nothing to do
  Rendered layout layouts/application.html.erb (Duration: 14.6ms | Allocations: 4175)
Completed 200 OK in 18ms (Views: 16.4ms | ActiveRecord: 0.0ms | Allocations: 4661)


Started GET "/games/top" for ::1 at 2023-04-09 14:05:57 +0900
Processing by GamesController#top as HTML
  Rendering layout layouts/application.html.erb
  Rendering games/top.html.erb within layouts/application
  Rendered games/top.html.erb within layouts/application (Duration: 0.5ms | Allocations: 80)
[Webpacker] Everything's up-to-date. Nothing to do
  Rendered layout layouts/application.html.erb (Duration: 13.4ms | Allocations: 4212)
Completed 200 OK in 17ms (Views: 14.4ms | ActiveRecord: 0.0ms | Allocations: 4667)


